<?xml version="1.0" encoding="UTF-8"?>
<!-- Generated by org.testng.reporters.JUnitReportReporter -->
<testsuite hostname="Sam" failures="0" tests="7" name="parallel.parallelRun" time="147.427" errors="0" timestamp="2025-07-26T10:42:53 IST" skipped="0">
  <testcase classname="parallel.parallelRun" name="runScenario" time="19.432"/>
  <testcase classname="parallel.parallelRun" name="runScenario" time="21.743"/>
  <testcase classname="parallel.parallelRun" name="runScenario" time="21.720"/>
  <testcase classname="parallel.parallelRun" name="runScenario" time="22.143"/>
  <testcase classname="parallel.parallelRun" name="runScenario" time="18.550"/>
  <testcase classname="parallel.parallelRun" name="runScenario" time="21.744"/>
  <testcase classname="parallel.parallelRun" name="runScenario" time="22.095"/>
</testsuite> <!-- parallel.parallelRun -->
